<?xml version="1.0" encoding="UTF-8"?>
<testsuite name="com.phonebook.tests.LoginTests" tests="2" skipped="0" failures="0" errors="0" timestamp="2025-04-28T13:49:52" hostname="DESKTOP-6E1M17H" time="3.11">
  <properties/>
  <testcase name="loginNegativeWithoutEmailTest" classname="com.phonebook.tests.LoginTests" time="1.607"/>
  <testcase name="loginPositiveTest" classname="com.phonebook.tests.LoginTests" time="1.443"/>
  <system-out><![CDATA[15:49:42.721 [Test worker] INFO com.phonebook.tests.TestBase -- Start test: loginNegativeWithoutEmailTest with parameters []
15:49:42.722 [Test worker] INFO com.phonebook.utils.MyListener -- Before find elementsBy.cssSelector: [href='/login']
15:49:42.722 [Test worker] INFO com.phonebook.utils.MyListener -- *******************************************
15:49:52.751 [Test worker] INFO com.phonebook.utils.MyListener -- List size0
15:49:52.751 [Test worker] INFO com.phonebook.utils.MyListener -- **********************************************
15:49:52.751 [Test worker] INFO com.phonebook.utils.MyListener -- The locator will findBy.xpath: //button[.='Sign Out']
15:49:52.751 [Test worker] INFO com.phonebook.utils.MyListener -- *************************************
15:49:52.782 [Test worker] INFO com.phonebook.utils.MyListener -- The locator isBy.xpath: //button[.='Sign Out']
15:49:52.782 [Test worker] INFO com.phonebook.utils.MyListener -- **********************************
15:49:52.923 [Test worker] INFO com.phonebook.utils.MyListener -- The locator will findBy.cssSelector: [href='/login']
15:49:52.923 [Test worker] INFO com.phonebook.utils.MyListener -- *************************************
15:49:52.961 [Test worker] INFO com.phonebook.utils.MyListener -- The locator isBy.cssSelector: [href='/login']
15:49:52.961 [Test worker] INFO com.phonebook.utils.MyListener -- **********************************
15:49:53.039 [Test worker] INFO com.phonebook.utils.MyListener -- The locator will findBy.name: password
15:49:53.039 [Test worker] INFO com.phonebook.utils.MyListener -- *************************************
15:49:53.050 [Test worker] INFO com.phonebook.utils.MyListener -- The locator isBy.name: password
15:49:53.051 [Test worker] INFO com.phonebook.utils.MyListener -- **********************************
15:49:53.183 [Test worker] INFO com.phonebook.utils.MyListener -- The locator will findBy.name: password
15:49:53.183 [Test worker] INFO com.phonebook.utils.MyListener -- *************************************
15:49:53.200 [Test worker] INFO com.phonebook.utils.MyListener -- The locator isBy.name: password
15:49:53.200 [Test worker] INFO com.phonebook.utils.MyListener -- **********************************
15:49:53.253 [Test worker] INFO com.phonebook.utils.MyListener -- The locator will findBy.name: password
15:49:53.253 [Test worker] INFO com.phonebook.utils.MyListener -- *************************************
15:49:53.265 [Test worker] INFO com.phonebook.utils.MyListener -- The locator isBy.name: password
15:49:53.265 [Test worker] INFO com.phonebook.utils.MyListener -- **********************************
15:49:53.321 [Test worker] INFO com.phonebook.utils.MyListener -- The locator will findBy.name: login
15:49:53.321 [Test worker] INFO com.phonebook.utils.MyListener -- *************************************
15:49:53.336 [Test worker] INFO com.phonebook.utils.MyListener -- The locator isBy.name: login
15:49:53.336 [Test worker] INFO com.phonebook.utils.MyListener -- **********************************
15:49:53.472 [Test worker] INFO com.phonebook.utils.MyListener -- The test has a problem
15:49:53.472 [Test worker] INFO com.phonebook.utils.MyListener -- ***********************************
15:49:53.472 [Test worker] INFO com.phonebook.utils.MyListener -- Method->alert
15:49:53.472 [Test worker] INFO com.phonebook.utils.MyListener -- ************************************
15:49:53.472 [Test worker] INFO com.phonebook.utils.MyListener -- TargetException-->org.openqa.selenium.NoAlertPresentException: no such alert
  (Session info: chrome=134.0.6998.178)
Build info: version: '4.30.0', revision: '509c7f17cc*'
System info: os.name: 'Windows 10', os.arch: 'amd64', os.version: '10.0', java.version: '17.0.13'
Driver info: org.openqa.selenium.chrome.ChromeDriver
Command: [a05f90f385cdf5c81e3375878cc44a4b, getAlertText {}]
Capabilities {acceptInsecureCerts: false, browserName: chrome, browserVersion: 134.0.6998.178, chrome: {chromedriverVersion: 134.0.6998.165 (fd886e2cb29..., userDataDir: C:\Users\situk\AppData\Loca...}, fedcm:accounts: true, goog:chromeOptions: {debuggerAddress: localhost:51830}, networkConnectionEnabled: false, pageLoadStrategy: normal, platformName: windows, proxy: Proxy(), se:cdp: ws://localhost:51830/devtoo..., se:cdpVersion: 134.0.6998.178, setWindowRect: true, strictFileInteractability: false, timeouts: {implicit: 0, pageLoad: 300000, script: 30000}, unhandledPromptBehavior: dismiss and notify, webauthn:extension:credBlob: true, webauthn:extension:largeBlob: true, webauthn:extension:minPinLength: true, webauthn:extension:prf: true, webauthn:virtualAuthenticators: true}
Session ID: a05f90f385cdf5c81e3375878cc44a4b
15:49:53.472 [Test worker] INFO com.phonebook.utils.MyListener -- *************************************
15:49:53.472 [Test worker] INFO com.phonebook.utils.MyListener -- Object target-->org.openqa.selenium.remote.RemoteWebDriver$RemoteTargetLocator@580c17a0
15:49:53.472 [Test worker] INFO com.phonebook.utils.MyListener -- **************************************
15:49:53.993 [Test worker] INFO com.phonebook.utils.MyListener -- The test has a problem
15:49:53.993 [Test worker] INFO com.phonebook.utils.MyListener -- ***********************************
15:49:53.993 [Test worker] INFO com.phonebook.utils.MyListener -- Method->alert
15:49:53.993 [Test worker] INFO com.phonebook.utils.MyListener -- ************************************
15:49:53.993 [Test worker] INFO com.phonebook.utils.MyListener -- TargetException-->org.openqa.selenium.NoAlertPresentException: no such alert
  (Session info: chrome=134.0.6998.178)
Build info: version: '4.30.0', revision: '509c7f17cc*'
System info: os.name: 'Windows 10', os.arch: 'amd64', os.version: '10.0', java.version: '17.0.13'
Driver info: org.openqa.selenium.chrome.ChromeDriver
Command: [a05f90f385cdf5c81e3375878cc44a4b, getAlertText {}]
Capabilities {acceptInsecureCerts: false, browserName: chrome, browserVersion: 134.0.6998.178, chrome: {chromedriverVersion: 134.0.6998.165 (fd886e2cb29..., userDataDir: C:\Users\situk\AppData\Loca...}, fedcm:accounts: true, goog:chromeOptions: {debuggerAddress: localhost:51830}, networkConnectionEnabled: false, pageLoadStrategy: normal, platformName: windows, proxy: Proxy(), se:cdp: ws://localhost:51830/devtoo..., se:cdpVersion: 134.0.6998.178, setWindowRect: true, strictFileInteractability: false, timeouts: {implicit: 0, pageLoad: 300000, script: 30000}, unhandledPromptBehavior: dismiss and notify, webauthn:extension:credBlob: true, webauthn:extension:largeBlob: true, webauthn:extension:minPinLength: true, webauthn:extension:prf: true, webauthn:virtualAuthenticators: true}
Session ID: a05f90f385cdf5c81e3375878cc44a4b
15:49:53.993 [Test worker] INFO com.phonebook.utils.MyListener -- *************************************
15:49:53.993 [Test worker] INFO com.phonebook.utils.MyListener -- Object target-->org.openqa.selenium.remote.RemoteWebDriver$RemoteTargetLocator@29d2fa84
15:49:53.993 [Test worker] INFO com.phonebook.utils.MyListener -- **************************************
15:49:54.535 [Test worker] INFO com.phonebook.tests.TestBase -- PASSED: loginNegativeWithoutEmailTest
15:49:54.535 [Test worker] INFO com.phonebook.tests.TestBase -- Stop test
15:49:54.535 [Test worker] INFO com.phonebook.tests.TestBase -- ==========================================
15:49:54.540 [Test worker] INFO com.phonebook.tests.TestBase -- Start test: loginPositiveTest with parameters []
15:49:54.543 [Test worker] INFO com.phonebook.utils.MyListener -- Before find elementsBy.cssSelector: [href='/login']
15:49:54.543 [Test worker] INFO com.phonebook.utils.MyListener -- *******************************************
15:49:54.587 [Test worker] INFO com.phonebook.utils.MyListener -- List size1
15:49:54.587 [Test worker] INFO com.phonebook.utils.MyListener -- **********************************************
15:49:54.590 [Test worker] INFO com.phonebook.tests.TestBase -- Login with data-->situk1981@gmail.com**********************Qwerty123@
15:49:54.591 [Test worker] INFO com.phonebook.utils.MyListener -- The locator will findBy.cssSelector: [href='/login']
15:49:54.591 [Test worker] INFO com.phonebook.utils.MyListener -- *************************************
15:49:54.626 [Test worker] INFO com.phonebook.utils.MyListener -- The locator isBy.cssSelector: [href='/login']
15:49:54.626 [Test worker] INFO com.phonebook.utils.MyListener -- **********************************
15:49:54.878 [Test worker] INFO com.phonebook.utils.MyListener -- The locator will findBy.name: email
15:49:54.879 [Test worker] INFO com.phonebook.utils.MyListener -- *************************************
15:49:54.912 [Test worker] INFO com.phonebook.utils.MyListener -- The locator isBy.name: email
15:49:54.912 [Test worker] INFO com.phonebook.utils.MyListener -- **********************************
15:49:55.123 [Test worker] INFO com.phonebook.utils.MyListener -- The locator will findBy.name: email
15:49:55.123 [Test worker] INFO com.phonebook.utils.MyListener -- *************************************
15:49:55.142 [Test worker] INFO com.phonebook.utils.MyListener -- The locator isBy.name: email
15:49:55.142 [Test worker] INFO com.phonebook.utils.MyListener -- **********************************
15:49:55.173 [Test worker] INFO com.phonebook.utils.MyListener -- The locator will findBy.name: email
15:49:55.173 [Test worker] INFO com.phonebook.utils.MyListener -- *************************************
15:49:55.191 [Test worker] INFO com.phonebook.utils.MyListener -- The locator isBy.name: email
15:49:55.191 [Test worker] INFO com.phonebook.utils.MyListener -- **********************************
15:49:55.297 [Test worker] INFO com.phonebook.utils.MyListener -- The locator will findBy.name: password
15:49:55.297 [Test worker] INFO com.phonebook.utils.MyListener -- *************************************
15:49:55.319 [Test worker] INFO com.phonebook.utils.MyListener -- The locator isBy.name: password
15:49:55.319 [Test worker] INFO com.phonebook.utils.MyListener -- **********************************
15:49:55.460 [Test worker] INFO com.phonebook.utils.MyListener -- The locator will findBy.name: password
15:49:55.460 [Test worker] INFO com.phonebook.utils.MyListener -- *************************************
15:49:55.479 [Test worker] INFO com.phonebook.utils.MyListener -- The locator isBy.name: password
15:49:55.480 [Test worker] INFO com.phonebook.utils.MyListener -- **********************************
15:49:55.569 [Test worker] INFO com.phonebook.utils.MyListener -- The locator will findBy.name: password
15:49:55.569 [Test worker] INFO com.phonebook.utils.MyListener -- *************************************
15:49:55.577 [Test worker] INFO com.phonebook.utils.MyListener -- The locator isBy.name: password
15:49:55.578 [Test worker] INFO com.phonebook.utils.MyListener -- **********************************
15:49:55.634 [Test worker] INFO com.phonebook.utils.MyListener -- The locator will findBy.name: login
15:49:55.634 [Test worker] INFO com.phonebook.utils.MyListener -- *************************************
15:49:55.643 [Test worker] INFO com.phonebook.utils.MyListener -- The locator isBy.name: login
15:49:55.643 [Test worker] INFO com.phonebook.utils.MyListener -- **********************************
15:49:55.704 [Test worker] INFO com.phonebook.utils.MyListener -- Before find elementsBy.xpath: //button[.='Sign Out']
15:49:55.704 [Test worker] INFO com.phonebook.utils.MyListener -- *******************************************
15:49:56.032 [Test worker] INFO com.phonebook.utils.MyListener -- List size1
15:49:56.032 [Test worker] INFO com.phonebook.utils.MyListener -- **********************************************
15:49:56.034 [Test worker] INFO com.phonebook.tests.TestBase -- PASSED: loginPositiveTest
15:49:56.035 [Test worker] INFO com.phonebook.tests.TestBase -- Stop test
15:49:56.035 [Test worker] INFO com.phonebook.tests.TestBase -- ==========================================
]]></system-out>
  <system-err><![CDATA[]]></system-err>
</testsuite>
